timestamp: 2019-08-09T13:38:31.528000
CREATE TABLE "auth_user"(
    "id" INTEGER PRIMARY KEY AUTOINCREMENT,
    "first_name" CHAR(128),
    "last_name" CHAR(128),
    "email" CHAR(512),
    "password" CHAR(512),
    "registration_key" CHAR(512),
    "reset_password_key" CHAR(512),
    "registration_id" CHAR(512)
);
success!
timestamp: 2019-08-09T13:38:31.556000
CREATE TABLE "auth_group"(
    "id" INTEGER PRIMARY KEY AUTOINCREMENT,
    "role" CHAR(512),
    "description" TEXT
);
success!
timestamp: 2019-08-09T13:38:31.574000
CREATE TABLE "auth_membership"(
    "id" INTEGER PRIMARY KEY AUTOINCREMENT,
    "user_id" INTEGER REFERENCES "auth_user" ("id") ON DELETE CASCADE  ,
    "group_id" INTEGER REFERENCES "auth_group" ("id") ON DELETE CASCADE  
);
success!
timestamp: 2019-08-09T13:38:31.594000
CREATE TABLE "auth_permission"(
    "id" INTEGER PRIMARY KEY AUTOINCREMENT,
    "group_id" INTEGER REFERENCES "auth_group" ("id") ON DELETE CASCADE  ,
    "name" CHAR(512),
    "table_name" CHAR(512),
    "record_id" INTEGER
);
success!
timestamp: 2019-08-09T13:38:31.615000
CREATE TABLE "auth_event"(
    "id" INTEGER PRIMARY KEY AUTOINCREMENT,
    "time_stamp" TIMESTAMP,
    "client_ip" CHAR(512),
    "user_id" INTEGER REFERENCES "auth_user" ("id") ON DELETE CASCADE  ,
    "origin" CHAR(512),
    "description" TEXT
);
success!
timestamp: 2019-08-09T13:38:31.639000
CREATE TABLE "auth_cas"(
    "id" INTEGER PRIMARY KEY AUTOINCREMENT,
    "user_id" INTEGER REFERENCES "auth_user" ("id") ON DELETE CASCADE  ,
    "created_on" TIMESTAMP,
    "service" CHAR(512),
    "ticket" CHAR(512),
    "renew" CHAR(1)
);
success!
timestamp: 2019-08-09T13:38:31.672000
CREATE TABLE "jugador"(
    "id" INTEGER PRIMARY KEY AUTOINCREMENT,
    "nombre" CHAR(512),
    "pagado" CHAR(1),
    "regalo" CHAR(1),
    "restricciones" CHAR(512)
);
success!
timestamp: 2019-08-09T13:38:31.695000
CREATE TABLE "pareja"(
    "id" INTEGER PRIMARY KEY AUTOINCREMENT,
    "grupo" CHAR(512),
    "jugador_uno" INTEGER REFERENCES "jugador" ("id") ON DELETE CASCADE  ,
    "jugador_dos" INTEGER REFERENCES "jugador" ("id") ON DELETE CASCADE  
);
success!
timestamp: 2019-08-09T13:38:31.719000
CREATE TABLE "enfrentamiento"(
    "id" INTEGER PRIMARY KEY AUTOINCREMENT,
    "grupo" INTEGER,
    "pareja_uno" INTEGER REFERENCES "pareja" ("id") ON DELETE CASCADE  ,
    "resultado_uno" INTEGER,
    "pareja_dos" INTEGER REFERENCES "pareja" ("id") ON DELETE CASCADE  ,
    "resultado_dos" INTEGER
);
success!
timestamp: 2019-08-09T13:38:31.744000
CREATE TABLE "movie"(
    "id" INTEGER PRIMARY KEY AUTOINCREMENT,
    "movie_title" CHAR(512),
    "movie_description" TEXT,
    "movie_image" CHAR(512),
    "movie_creator" CHAR(512)
);
success!
timestamp: 2019-08-09T13:38:31.769000
CREATE TABLE "reviewer_profile"(
    "id" INTEGER PRIMARY KEY AUTOINCREMENT,
    "user_email" CHAR(512),
    "user_name" CHAR(512),
    "favorite_food" CHAR(512),
    "favorite_movie" CHAR(512)
);
success!
timestamp: 2019-08-09T13:38:31.795000
CREATE TABLE "movie_review"(
    "id" INTEGER PRIMARY KEY AUTOINCREMENT,
    "reviewer_email" CHAR(512),
    "movie_id" INTEGER REFERENCES "movie" ("id") ON DELETE CASCADE  ,
    "movie_title" CHAR(512),
    "movie_review_body" TEXT,
    "number_rating" INTEGER
);
success!
timestamp: 2019-09-18T13:57:38.641798
CREATE TABLE "list_tweets_retweets"(
    "id" INTEGER PRIMARY KEY AUTOINCREMENT,
    "lista" CHAR(512)
);
success!
timestamp: 2019-09-18T23:32:21.076801
CREATE TABLE "tabla_tweets_retweets"(
    "id" INTEGER PRIMARY KEY AUTOINCREMENT,
    "data_stored" CHAR(512)
);
success!
timestamp: 2019-09-19T00:08:59.982240
ALTER TABLE "tabla_tweets_retweets" ADD "stored_data" TEXT;
success!
success!
success!
success!
success!
success!
success!
success!
success!
success!
success!
success!
success!
success!
success!
success!
success!
success!
success!
success!
success!
success!
success!
success!
success!
success!
success!
success!
success!
success!
success!
success!
success!
success!
success!
success!
success!
success!
success!
success!
success!
success!
success!
success!
success!
success!
success!
success!
success!
success!
success!
success!
success!
success!
success!
success!
success!
success!
success!
success!
success!
success!
success!
success!
success!
success!
success!
success!
success!
success!
success!
success!
success!
success!
success!
success!
success!
success!
success!
success!
success!
success!
success!
success!
success!
success!
success!
success!
success!
success!
success!
success!
success!
success!
success!
success!
success!
success!
success!
success!
success!
success!
success!
success!
success!
success!
success!
success!
success!
success!
success!
success!
success!
success!
success!
success!
success!
success!
success!
success!
success!
success!
success!
success!
timestamp: 2019-09-19T10:23:57.737358
ALTER TABLE "tabla_tweets_retweets" ADD "search_word" TEXT;
success!
success!
timestamp: 2019-09-19T10:25:26.678879
ALTER TABLE "tabla_tweets_retweets" ADD "search_line" TEXT;
success!
success!
success!
success!
success!
success!
success!
success!
success!
success!
success!
success!
success!
success!
success!
success!
success!
success!
success!
success!
success!
success!
success!
success!
success!
success!
success!
success!
success!
success!
success!
timestamp: 2019-09-19T11:36:26.900665
CREATE TABLE "fake_news_table"(
    "id" INTEGER PRIMARY KEY AUTOINCREMENT,
    "search_line" CHAR(512),
    "topic" CHAR(512)
);
success!
success!
success!
success!
success!
success!
timestamp: 2019-09-19T11:44:08.370839
ALTER TABLE "fake_news_table" ADD "stored_data" TEXT;
success!
success!
success!
success!
success!
success!
success!
success!
success!
success!
success!
success!
success!
success!
success!
success!
success!
success!
success!
success!
success!
success!
success!
success!
success!
success!
success!
success!
success!
success!
success!
success!
success!
success!
success!
success!
success!
success!
success!
success!
success!
success!
success!
success!
success!
success!
success!
success!
success!
success!
success!
success!
success!
success!
success!
success!
success!
success!
success!
success!
success!
success!
success!
success!
success!
success!
success!
success!
success!
success!
success!
success!
success!
success!
success!
success!
success!
success!
success!
success!
success!
success!
success!
success!
success!
success!
success!
success!
success!
success!
success!
success!
success!
success!
success!
success!
success!
success!
success!
success!
success!
success!
success!
success!
success!
success!
success!
success!
success!
success!
success!
success!
success!
success!
success!
success!
success!
success!
success!
success!
success!
success!
success!
success!
success!
success!
success!
success!
success!
success!
success!
success!
success!
success!
success!
success!
success!
success!
success!
success!
success!
success!
success!
success!
success!
success!
success!
success!
success!
success!
success!
success!
success!
success!
success!
success!
success!
success!
success!
success!
success!
success!
success!
success!
success!
success!
success!
success!
success!
success!
success!
success!
success!
success!
success!
success!
success!
success!
success!
success!
success!
success!
success!
success!
success!
success!
success!
success!
success!
success!
success!
success!
success!
success!
success!
success!
success!
success!
success!
success!
success!
success!
success!
success!
success!
success!
success!
success!
success!
success!
success!
success!
success!
success!
success!
success!
success!
success!
success!
success!
success!
success!
success!
success!
success!
success!
success!
success!
success!
success!
success!
success!
success!
success!
success!
success!
success!
success!
success!
success!
success!
success!
success!
success!
success!
success!
success!
success!
success!
success!
success!
success!
success!
success!
success!
success!
success!
success!
success!
success!
success!
success!
success!
success!
success!
success!
success!
success!
success!
success!
success!
success!
success!
success!
success!
success!
success!
success!
success!
success!
success!
success!
success!
success!
success!
success!
success!
success!
success!
success!
success!
success!
success!
success!
success!
success!
success!
success!
success!
success!
success!
success!
success!
success!
success!
success!
success!
success!
success!
success!
success!
success!
success!
success!
success!
success!
success!
success!
success!
success!
success!
success!
success!
success!
success!
success!
success!
success!
success!
success!
success!
success!
success!
success!
success!
success!
success!
success!
success!
success!
success!
success!
success!
success!
success!
success!
success!
success!
success!
success!
success!
success!
success!
success!
success!
success!
success!
success!
success!
